This is pdfTeX, Version 3.1415926-1.40.10 (MiKTeX 2.8) (preloaded format=pdflatex 2011.1.19)  28 JAN 2013 17:21
entering extended mode
**E:/GitHub/hugoCV/appForOxfordInstruments/hugoCVOxfordInstruments.tex
(E:/GitHub/hugoCV/appForOxfordInstruments/hugoCVOxfordInstruments.tex
LaTeX2e <2009/09/24>
Babel <v3.8l> and hyphenation patterns for english, dumylang, nohyphenation, ge
rman, ngerman, german-x-2009-06-19, ngerman-x-2009-06-19, french, loaded.
(E:\GitHub\hugoCV\appForOxfordInstruments\resume.cls
Document Style `resume' <26 Sep 89, Dec 07>.
Document Class: resume 2000/05/19 v1.4b Resume class
("C:\Program Files (x86)\MiKTeX 2.8\tex\latex\base\article.cls"
Document Class: article 2007/10/19 v1.4h Standard LaTeX document class
("C:\Program Files (x86)\MiKTeX 2.8\tex\latex\base\size10.clo"
File: size10.clo 2007/10/19 v1.4h Standard LaTeX file (size option)
)
\c@part=\count79
\c@section=\count80
\c@subsection=\count81
\c@subsubsection=\count82
\c@paragraph=\count83
\c@subparagraph=\count84
\c@figure=\count85
\c@table=\count86
\abovecaptionskip=\skip41
\belowcaptionskip=\skip42
\bibindent=\dimen102
)
No auxiliary output files.

\tabular@text=\toks14
\tabular@head=\toks15
\tabular@tail=\toks16
\@ta=\toks17
\undefined@token=\toks18
\sectionwidth=\dimen103
\sectionskip=\skip43
\resumewidth=\dimen104
\@columnwidth=\dimen105
\c@numberofcolumns=\count87
)
No file hugoCVOxfordInstruments.aux.
LaTeX Font Info:    Checking defaults for OML/cmm/m/it on input line 7.
LaTeX Font Info:    ... okay on input line 7.
LaTeX Font Info:    Checking defaults for T1/cmr/m/n on input line 7.
LaTeX Font Info:    ... okay on input line 7.
LaTeX Font Info:    Checking defaults for OT1/cmr/m/n on input line 7.
LaTeX Font Info:    ... okay on input line 7.
LaTeX Font Info:    Checking defaults for OMS/cmsy/m/n on input line 7.
LaTeX Font Info:    ... okay on input line 7.
LaTeX Font Info:    Checking defaults for OMX/cmex/m/n on input line 7.
LaTeX Font Info:    ... okay on input line 7.
LaTeX Font Info:    Checking defaults for U/cmr/m/n on input line 7.
LaTeX Font Info:    ... okay on input line 7.
LaTeX Font Info:    External font `cmex10' loaded for size
(Font)              <7> on input line 40.
LaTeX Font Info:    External font `cmex10' loaded for size
(Font)              <5> on input line 40.

Underfull \hbox (badness 5245) in paragraph at lines 151--152
[]\OT1/cmr/m/n/10 Oxford Road, Manch-ester, United
 []

[1

{C:/Users/hday/AppData/Local/MiKTeX/2.8/pdftex/config/pdftex.map}] [2] ) 
Here is how much of TeX's memory you used:
 305 strings out of 495269
 3479 string characters out of 3179651
 55593 words of memory out of 3000000
 3600 multiletter control sequences out of 15000+200000
 6121 words of font info for 22 fonts, out of 3000000 for 9000
 14 hyphenation exceptions out of 8191
 29i,8n,21p,923b,166s stack positions out of 5000i,500n,10000p,200000b,50000s
<C:/Pro
gram Files (x86)/MiKTeX 2.8/fonts/type1/public/amsfonts/cm/cmbx10.pfb><C:/Progr
am Files (x86)/MiKTeX 2.8/fonts/type1/public/amsfonts/cm/cmbx12.pfb><C:/Program
 Files (x86)/MiKTeX 2.8/fonts/type1/public/amsfonts/cm/cmcsc10.pfb><C:/Program 
Files (x86)/MiKTeX 2.8/fonts/type1/public/amsfonts/cm/cmmi10.pfb><C:/Program Fi
les (x86)/MiKTeX 2.8/fonts/type1/public/amsfonts/cm/cmr10.pfb><C:/Program Files
 (x86)/MiKTeX 2.8/fonts/type1/public/amsfonts/cm/cmr7.pfb><C:/Program Files (x8
6)/MiKTeX 2.8/fonts/type1/public/amsfonts/cm/cmsl10.pfb><C:/Program Files (x86)
/MiKTeX 2.8/fonts/type1/public/amsfonts/cm/cmsy10.pfb><C:/Program Files (x86)/M
iKTeX 2.8/fonts/type1/public/amsfonts/cm/cmsy7.pfb>
Output written on hugoCVOxfordInstruments.pdf (2 pages, 117264 bytes).
PDF statistics:
 45 PDF objects out of 1000 (max. 8388607)
 0 named destinations out of 1000 (max. 500000)
 1 words of extra memory for PDF output out of 10000 (max. 10000000)

